<html>
<head>
<title>TestNG:  AutoQA</title>
<link href="../testng.css" rel="stylesheet" type="text/css" />
<link href="../my-testng.css" rel="stylesheet" type="text/css" />

<style type="text/css">
.log { display: none;} 
.stack-trace { display: none;} 
</style>
<script type="text/javascript">
<!--
function flip(e) {
  current = e.style.display;
  if (current == 'block') {
    e.style.display = 'none';
    return 0;
  }
  else {
    e.style.display = 'block';
    return 1;
  }
}

function toggleBox(szDivId, elem, msg1, msg2)
{
  var res = -1;  if (document.getElementById) {
    res = flip(document.getElementById(szDivId));
  }
  else if (document.all) {
    // this is the way old msie versions work
    res = flip(document.all[szDivId]);
  }
  if(elem) {
    if(res == 0) elem.innerHTML = msg1; else elem.innerHTML = msg2;
  }

}

function toggleAllBoxes() {
  if (document.getElementsByTagName) {
    d = document.getElementsByTagName('div');
    for (i = 0; i < d.length; i++) {
      if (d[i].className == 'log') {
        flip(d[i]);
      }
    }
  }
}

// -->
</script>

</head>
<body>
<h2 align='center'>AutoQA</h2><table border='1' align="center">
<tr>
<td>Tests passed/Failed/Skipped:</td><td>9/3/0</td>
</tr><tr>
<td>Started on:</td><td>Wed Sep 18 15:35:31 EEST 2019</td>
</tr>
<tr><td>Total time:</td><td>35 seconds (35731 ms)</td>
</tr><tr>
<td>Included groups:</td><td></td>
</tr><tr>
<td>Excluded groups:</td><td></td>
</tr>
</table><p/>
<small><i>(Hover the method name to see the test class name)</i></small><p/>
<table width='100%' border='1' class='invocation-failed'>
<tr><td colspan='4' align='center'><b>FAILED TESTS</b></td></tr>
<tr><td><b>Test method</b></td>
<td width="30%"><b>Exception</b></td>
<td width="10%"><b>Time (seconds)</b></td>
<td><b>Instance</b></td>
</tr>
<tr>
<td title='UserTest.loginExistUser()'><b>loginExistUser</b><br>Test class: UserTest</td>
<td><div><pre>java.lang.IllegalStateException: Cannot parse object because no supported Content-Type was specified in response. Content-Type was &apos;text/html; charset=UTF-8&apos;.
	at org.codehaus.groovy.runtime.callsite.ConstructorSite$ConstructorSiteNoUnwrapNoCoerce.callConstructor(ConstructorSite.java:105)
	at org.codehaus.groovy.runtime.callsite.CallSiteArray.defaultCallConstructor(CallSiteArray.java:59)
	at org.codehaus.groovy.runtime.callsite.AbstractCallSite.callConstructor(AbstractCallSite.java:237)
	at org.codehaus.groovy.runtime.callsite.AbstractCallSite.callConstructor(AbstractCallSite.java:249)
	at io.restassured.internal.mapping.ObjectMapping.deserialize(ObjectMapping.groovy:89)
	at io.restassured.internal.mapping.ObjectMapping$deserialize$0.call(Unknown Source)
	at io.restassured.internal.RestAssuredResponseOptionsGroovyImpl.as(RestAssuredResponseOptionsGroovyImpl.groovy:224)
	at io.restassured.internal.RestAssuredResponseOptionsImpl.as(RestAssuredResponseOptionsImpl.java:169)
	at business.UserBL.userAuth(UserBL.java:80)
	at business.UserBL.userLogin(UserBL.java:70)
	at UserTest.loginExistUser(UserTest.java:38)
	at java.base/java.util.concurrent.ThreadPoolExecutor.runWorker(ThreadPoolExecutor.java:1128)
	at java.base/java.util.concurrent.ThreadPoolExecutor$Worker.run(ThreadPoolExecutor.java:628)
	at java.base/java.lang.Thread.run(Thread.java:835)
... Removed 18 stack frames</pre></div><a href='#' onClick='toggleBox("stack-trace1244196421", this, "Click to show all stack frames", "Click to hide stack frames")'>Click to show all stack frames</a>
<div class='stack-trace' id='stack-trace1244196421'><pre>java.lang.IllegalStateException: Cannot parse object because no supported Content-Type was specified in response. Content-Type was &apos;text/html; charset=UTF-8&apos;.
	at java.base/jdk.internal.reflect.NativeConstructorAccessorImpl.newInstance0(Native Method)
	at java.base/jdk.internal.reflect.NativeConstructorAccessorImpl.newInstance(NativeConstructorAccessorImpl.java:62)
	at java.base/jdk.internal.reflect.DelegatingConstructorAccessorImpl.newInstance(DelegatingConstructorAccessorImpl.java:45)
	at java.base/java.lang.reflect.Constructor.newInstanceWithCaller(Constructor.java:500)
	at java.base/java.lang.reflect.Constructor.newInstance(Constructor.java:481)
	at org.codehaus.groovy.reflection.CachedConstructor.invoke(CachedConstructor.java:80)
	at org.codehaus.groovy.runtime.callsite.ConstructorSite$ConstructorSiteNoUnwrapNoCoerce.callConstructor(ConstructorSite.java:105)
	at org.codehaus.groovy.runtime.callsite.CallSiteArray.defaultCallConstructor(CallSiteArray.java:59)
	at org.codehaus.groovy.runtime.callsite.AbstractCallSite.callConstructor(AbstractCallSite.java:237)
	at org.codehaus.groovy.runtime.callsite.AbstractCallSite.callConstructor(AbstractCallSite.java:249)
	at io.restassured.internal.mapping.ObjectMapping.deserialize(ObjectMapping.groovy:89)
	at io.restassured.internal.mapping.ObjectMapping$deserialize$0.call(Unknown Source)
	at io.restassured.internal.RestAssuredResponseOptionsGroovyImpl.as(RestAssuredResponseOptionsGroovyImpl.groovy:224)
	at io.restassured.internal.RestAssuredResponseOptionsImpl.as(RestAssuredResponseOptionsImpl.java:169)
	at business.UserBL.userAuth(UserBL.java:80)
	at business.UserBL.userLogin(UserBL.java:70)
	at UserTest.loginExistUser(UserTest.java:38)
	at java.base/jdk.internal.reflect.NativeMethodAccessorImpl.invoke0(Native Method)
	at java.base/jdk.internal.reflect.NativeMethodAccessorImpl.invoke(NativeMethodAccessorImpl.java:62)
	at java.base/jdk.internal.reflect.DelegatingMethodAccessorImpl.invoke(DelegatingMethodAccessorImpl.java:43)
	at java.base/java.lang.reflect.Method.invoke(Method.java:567)
	at org.testng.internal.MethodInvocationHelper.invokeMethod(MethodInvocationHelper.java:133)
	at org.testng.internal.TestInvoker.invokeMethod(TestInvoker.java:584)
	at org.testng.internal.TestInvoker.invokeTestMethod(TestInvoker.java:172)
	at org.testng.internal.MethodRunner.runInSequence(MethodRunner.java:46)
	at org.testng.internal.TestInvoker$MethodInvocationAgent.invoke(TestInvoker.java:804)
	at org.testng.internal.TestInvoker.invokeTestMethods(TestInvoker.java:145)
	at org.testng.internal.TestMethodWorker.invokeTestMethods(TestMethodWorker.java:146)
	at org.testng.internal.TestMethodWorker.run(TestMethodWorker.java:128)
	at java.base/java.util.concurrent.ThreadPoolExecutor.runWorker(ThreadPoolExecutor.java:1128)
	at java.base/java.util.concurrent.ThreadPoolExecutor$Worker.run(ThreadPoolExecutor.java:628)
	at java.base/java.lang.Thread.run(Thread.java:835)
</pre></div></td>
<td>10</td>
<td>UserTest@40021799</td></tr>
<tr>
<td title='UserTest.registerUserWithDigitName()'><b>registerUserWithDigitName</b><br>Test class: UserTest</td>
<td><div><pre>java.lang.NullPointerException
	at utils.SerchingIntoList.messageSearching(SerchingIntoList.java:14)
	at assertions.ErrorAssertions.hasBadInputErrorMessage(ErrorAssertions.java:16)
	at business.UserBL.userRegisterWithDigitsName(UserBL.java:153)
	at UserTest.registerUserWithDigitName(UserTest.java:48)
	at java.base/java.util.concurrent.ThreadPoolExecutor.runWorker(ThreadPoolExecutor.java:1128)
	at java.base/java.util.concurrent.ThreadPoolExecutor$Worker.run(ThreadPoolExecutor.java:628)
	at java.base/java.lang.Thread.run(Thread.java:835)
... Removed 12 stack frames</pre></div><a href='#' onClick='toggleBox("stack-trace2083327184", this, "Click to show all stack frames", "Click to hide stack frames")'>Click to show all stack frames</a>
<div class='stack-trace' id='stack-trace2083327184'><pre>java.lang.NullPointerException
	at utils.SerchingIntoList.messageSearching(SerchingIntoList.java:14)
	at assertions.ErrorAssertions.hasBadInputErrorMessage(ErrorAssertions.java:16)
	at business.UserBL.userRegisterWithDigitsName(UserBL.java:153)
	at UserTest.registerUserWithDigitName(UserTest.java:48)
	at java.base/jdk.internal.reflect.NativeMethodAccessorImpl.invoke0(Native Method)
	at java.base/jdk.internal.reflect.NativeMethodAccessorImpl.invoke(NativeMethodAccessorImpl.java:62)
	at java.base/jdk.internal.reflect.DelegatingMethodAccessorImpl.invoke(DelegatingMethodAccessorImpl.java:43)
	at java.base/java.lang.reflect.Method.invoke(Method.java:567)
	at org.testng.internal.MethodInvocationHelper.invokeMethod(MethodInvocationHelper.java:133)
	at org.testng.internal.TestInvoker.invokeMethod(TestInvoker.java:584)
	at org.testng.internal.TestInvoker.invokeTestMethod(TestInvoker.java:172)
	at org.testng.internal.MethodRunner.runInSequence(MethodRunner.java:46)
	at org.testng.internal.TestInvoker$MethodInvocationAgent.invoke(TestInvoker.java:804)
	at org.testng.internal.TestInvoker.invokeTestMethods(TestInvoker.java:145)
	at org.testng.internal.TestMethodWorker.invokeTestMethods(TestMethodWorker.java:146)
	at org.testng.internal.TestMethodWorker.run(TestMethodWorker.java:128)
	at java.base/java.util.concurrent.ThreadPoolExecutor.runWorker(ThreadPoolExecutor.java:1128)
	at java.base/java.util.concurrent.ThreadPoolExecutor$Worker.run(ThreadPoolExecutor.java:628)
	at java.base/java.lang.Thread.run(Thread.java:835)
</pre></div></td>
<td>3</td>
<td>UserTest@40021799</td></tr>
<tr>
<td title='UserTest.registerUserWithMetaSymbolName()'><b>registerUserWithMetaSymbolName</b><br>Test class: UserTest</td>
<td><div><pre>java.lang.NullPointerException
	at utils.SerchingIntoList.messageSearching(SerchingIntoList.java:14)
	at assertions.ErrorAssertions.hasBadInputErrorMessage(ErrorAssertions.java:16)
	at business.UserBL.userRegisterWithMetaSymbolsName(UserBL.java:167)
	at UserTest.registerUserWithMetaSymbolName(UserTest.java:53)
	at java.base/java.util.concurrent.ThreadPoolExecutor.runWorker(ThreadPoolExecutor.java:1128)
	at java.base/java.util.concurrent.ThreadPoolExecutor$Worker.run(ThreadPoolExecutor.java:628)
	at java.base/java.lang.Thread.run(Thread.java:835)
... Removed 12 stack frames</pre></div><a href='#' onClick='toggleBox("stack-trace875687983", this, "Click to show all stack frames", "Click to hide stack frames")'>Click to show all stack frames</a>
<div class='stack-trace' id='stack-trace875687983'><pre>java.lang.NullPointerException
	at utils.SerchingIntoList.messageSearching(SerchingIntoList.java:14)
	at assertions.ErrorAssertions.hasBadInputErrorMessage(ErrorAssertions.java:16)
	at business.UserBL.userRegisterWithMetaSymbolsName(UserBL.java:167)
	at UserTest.registerUserWithMetaSymbolName(UserTest.java:53)
	at java.base/jdk.internal.reflect.NativeMethodAccessorImpl.invoke0(Native Method)
	at java.base/jdk.internal.reflect.NativeMethodAccessorImpl.invoke(NativeMethodAccessorImpl.java:62)
	at java.base/jdk.internal.reflect.DelegatingMethodAccessorImpl.invoke(DelegatingMethodAccessorImpl.java:43)
	at java.base/java.lang.reflect.Method.invoke(Method.java:567)
	at org.testng.internal.MethodInvocationHelper.invokeMethod(MethodInvocationHelper.java:133)
	at org.testng.internal.TestInvoker.invokeMethod(TestInvoker.java:584)
	at org.testng.internal.TestInvoker.invokeTestMethod(TestInvoker.java:172)
	at org.testng.internal.MethodRunner.runInSequence(MethodRunner.java:46)
	at org.testng.internal.TestInvoker$MethodInvocationAgent.invoke(TestInvoker.java:804)
	at org.testng.internal.TestInvoker.invokeTestMethods(TestInvoker.java:145)
	at org.testng.internal.TestMethodWorker.invokeTestMethods(TestMethodWorker.java:146)
	at org.testng.internal.TestMethodWorker.run(TestMethodWorker.java:128)
	at java.base/java.util.concurrent.ThreadPoolExecutor.runWorker(ThreadPoolExecutor.java:1128)
	at java.base/java.util.concurrent.ThreadPoolExecutor$Worker.run(ThreadPoolExecutor.java:628)
	at java.base/java.lang.Thread.run(Thread.java:835)
</pre></div></td>
<td>2</td>
<td>UserTest@40021799</td></tr>
</table><p>
<table width='100%' border='1' class='invocation-passed'>
<tr><td colspan='4' align='center'><b>PASSED TESTS</b></td></tr>
<tr><td><b>Test method</b></td>
<td width="30%"><b>Exception</b></td>
<td width="10%"><b>Time (seconds)</b></td>
<td><b>Instance</b></td>
</tr>
<tr>
<td title='ProductTest.addProductToCartTest()'><b>addProductToCartTest</b><br>Test class: ProductTest</td>
<td></td>
<td>10</td>
<td>ProductTest@4a1c0752</td></tr>
<tr>
<td title='ProductTest.deleteNotExistProduct()'><b>deleteNotExistProduct</b><br>Test class: ProductTest</td>
<td></td>
<td>0</td>
<td>ProductTest@4a1c0752</td></tr>
<tr>
<td title='ProductTest.getIphoneListTest()'><b>getIphoneListTest</b><br>Test class: ProductTest</td>
<td></td>
<td>0</td>
<td>ProductTest@4a1c0752</td></tr>
<tr>
<td title='UserTest.loginNotExistUser()'><b>loginNotExistUser</b><br>Test class: UserTest</td>
<td></td>
<td>0</td>
<td>UserTest@40021799</td></tr>
<tr>
<td title='UserTest.registerEmptyUser()'><b>registerEmptyUser</b><br>Test class: UserTest</td>
<td></td>
<td>0</td>
<td>UserTest@40021799</td></tr>
<tr>
<td title='UserTest.registerTest()'><b>registerTest</b><br>Test class: UserTest</td>
<td></td>
<td>3</td>
<td>UserTest@40021799</td></tr>
<tr>
<td title='UserTest.registerUserWithEmailOnly()'><b>registerUserWithEmailOnly</b><br>Test class: UserTest</td>
<td></td>
<td>0</td>
<td>UserTest@40021799</td></tr>
<tr>
<td title='UserTest.registerUserWithInvalidPhoneNumber()'><b>registerUserWithInvalidPhoneNumber</b><br>Test class: UserTest</td>
<td></td>
<td>0</td>
<td>UserTest@40021799</td></tr>
<tr>
<td title='UserTest.registerUserWithNotConfirmPassword()'><b>registerUserWithNotConfirmPassword</b><br>Test class: UserTest</td>
<td></td>
<td>0</td>
<td>UserTest@40021799</td></tr>
</table><p>
</body>
</html>